[0.016s] Invoking command in '/home/alen/Desktop/Challenge_WS/build/demo': CMAKE_PREFIX_PATH=/opt/ros/humble /usr/bin/cmake --build /home/alen/Desktop/Challenge_WS/build/demo -- -j16 -l16
[0.062s] [35m[1mConsolidate compiler generated dependencies of target lifecycle_publisher[0m
[0.063s] [35m[1mConsolidate compiler generated dependencies of target lifecycle_subscriber[0m
[0.078s] [ 33%] Built target lifecycle_manager
[0.089s] [ 66%] [32mBuilding CXX object CMakeFiles/lifecycle_subscriber.dir/src/lifecycle_subscriber.cpp.o[0m
[0.089s] [ 66%] [32mBuilding CXX object CMakeFiles/lifecycle_publisher.dir/src/lifecycle_publisher.cpp.o[0m
[2.797s] In file included from [01m[K/usr/include/x86_64-linux-gnu/c++/11/bits/c++allocator.h:33[m[K,
[2.797s]                  from [01m[K/usr/include/c++/11/bits/allocator.h:46[m[K,
[2.797s]                  from [01m[K/usr/include/c++/11/memory:64[m[K,
[2.797s]                  from [01m[K/home/alen/Desktop/Challenge_WS/src/demo/src/lifecycle_subscriber.cpp:1[m[K:
[2.797s] /usr/include/c++/11/ext/new_allocator.h: In instantiation of ‘[01m[Kvoid __gnu_cxx::new_allocator<_Tp>::construct(_Up*, _Args&& ...) [with _Up = LifecycleSubscriber; _Args = {}; _Tp = LifecycleSubscriber][m[K’:
[2.797s] [01m[K/usr/include/c++/11/bits/alloc_traits.h:516:17:[m[K   required from ‘[01m[Kstatic void std::allocator_traits<std::allocator<_Tp1> >::construct(std::allocator_traits<std::allocator<_Tp1> >::allocator_type&, _Up*, _Args&& ...) [with _Up = LifecycleSubscriber; _Args = {}; _Tp = LifecycleSubscriber; std::allocator_traits<std::allocator<_Tp1> >::allocator_type = std::allocator<LifecycleSubscriber>][m[K’
[2.797s] [01m[K/usr/include/c++/11/bits/shared_ptr_base.h:519:39:[m[K   required from ‘[01m[Kstd::_Sp_counted_ptr_inplace<_Tp, _Alloc, _Lp>::_Sp_counted_ptr_inplace(_Alloc, _Args&& ...) [with _Args = {}; _Tp = LifecycleSubscriber; _Alloc = std::allocator<LifecycleSubscriber>; __gnu_cxx::_Lock_policy _Lp = __gnu_cxx::_S_atomic][m[K’
[2.797s] [01m[K/usr/include/c++/11/bits/shared_ptr_base.h:650:16:[m[K   required from ‘[01m[Kstd::__shared_count<_Lp>::__shared_count(_Tp*&, std::_Sp_alloc_shared_tag<_Alloc>, _Args&& ...) [with _Tp = LifecycleSubscriber; _Alloc = std::allocator<LifecycleSubscriber>; _Args = {}; __gnu_cxx::_Lock_policy _Lp = __gnu_cxx::_S_atomic][m[K’
[2.797s] [01m[K/usr/include/c++/11/bits/shared_ptr_base.h:1342:14:[m[K   required from ‘[01m[Kstd::__shared_ptr<_Tp, _Lp>::__shared_ptr(std::_Sp_alloc_shared_tag<_Tp>, _Args&& ...) [with _Alloc = std::allocator<LifecycleSubscriber>; _Args = {}; _Tp = LifecycleSubscriber; __gnu_cxx::_Lock_policy _Lp = __gnu_cxx::_S_atomic][m[K’
[2.797s] [01m[K/usr/include/c++/11/bits/shared_ptr.h:409:59:[m[K   required from ‘[01m[Kstd::shared_ptr<_Tp>::shared_ptr(std::_Sp_alloc_shared_tag<_Tp>, _Args&& ...) [with _Alloc = std::allocator<LifecycleSubscriber>; _Args = {}; _Tp = LifecycleSubscriber][m[K’
[2.797s] [01m[K/usr/include/c++/11/bits/shared_ptr.h:862:14:[m[K   required from ‘[01m[Kstd::shared_ptr<_Tp> std::allocate_shared(const _Alloc&, _Args&& ...) [with _Tp = LifecycleSubscriber; _Alloc = std::allocator<LifecycleSubscriber>; _Args = {}][m[K’
[2.798s] [01m[K/usr/include/c++/11/bits/shared_ptr.h:878:39:[m[K   required from ‘[01m[Kstd::shared_ptr<_Tp> std::make_shared(_Args&& ...) [with _Tp = LifecycleSubscriber; _Args = {}][m[K’
[2.798s] [01m[K/home/alen/Desktop/Challenge_WS/src/demo/src/lifecycle_subscriber.cpp:73:52:[m[K   required from here
[2.798s] [01m[K/usr/include/c++/11/ext/new_allocator.h:162:11:[m[K [01;31m[Kerror: [m[K‘[01m[KLifecycleSubscriber::LifecycleSubscriber()[m[K’ is private within this context
[2.798s]   162 |         { [01;31m[K::new((void *)__p) _Up(std::forward<_Args>(__args)...)[m[K; }
[2.798s]       |           [01;31m[K^~~~~~~~~~~~~~~~~~~~~~~~~~~~~~~~~~~~~~~~~~~~~~~~~~~~~~[m[K
[2.798s] [01m[K/home/alen/Desktop/Challenge_WS/src/demo/src/lifecycle_subscriber.cpp:11:1:[m[K [01;36m[Knote: [m[Kdeclared private here
[2.798s]    11 | [01;36m[KLifecycleSubscriber[m[K()
[2.798s]       | [01;36m[K^~~~~~~~~~~~~~~~~~~[m[K
[4.119s] [ 83%] [32m[1mLinking CXX executable lifecycle_publisher[0m
[4.354s] [ 83%] Built target lifecycle_publisher
[4.452s] gmake[2]: *** [CMakeFiles/lifecycle_subscriber.dir/build.make:76: CMakeFiles/lifecycle_subscriber.dir/src/lifecycle_subscriber.cpp.o] Error 1
[4.452s] gmake[1]: *** [CMakeFiles/Makefile2:167: CMakeFiles/lifecycle_subscriber.dir/all] Error 2
[4.453s] gmake: *** [Makefile:146: all] Error 2
[4.456s] Invoked command in '/home/alen/Desktop/Challenge_WS/build/demo' returned '2': CMAKE_PREFIX_PATH=/opt/ros/humble /usr/bin/cmake --build /home/alen/Desktop/Challenge_WS/build/demo -- -j16 -l16
