[0.009s] Invoking command in '/home/alen/Desktop/Challenge_WS/build/demo': CMAKE_PREFIX_PATH=/opt/ros/humble /usr/bin/cmake /home/alen/Desktop/Challenge_WS/src/demo -DCMAKE_INSTALL_PREFIX=/home/alen/Desktop/Challenge_WS/install/demo
[0.087s] -- The C compiler identification is GNU 11.4.0
[0.153s] -- The CXX compiler identification is GNU 11.4.0
[0.162s] -- Detecting C compiler ABI info
[0.231s] -- Detecting C compiler ABI info - done
[0.237s] -- Check for working C compiler: /usr/bin/cc - skipped
[0.237s] -- Detecting C compile features
[0.238s] -- Detecting C compile features - done
[0.240s] -- Detecting CXX compiler ABI info
[0.329s] -- Detecting CXX compiler ABI info - done
[0.336s] -- Check for working CXX compiler: /usr/bin/c++ - skipped
[0.336s] -- Detecting CXX compile features
[0.336s] -- Detecting CXX compile features - done
[0.343s] -- Found ament_cmake: 1.3.12 (/opt/ros/humble/share/ament_cmake/cmake)
[0.485s] -- Found Python3: /usr/bin/python3 (found version "3.10.12") found components: Interpreter 
[0.581s] -- Found rclcpp: 16.0.14 (/opt/ros/humble/share/rclcpp/cmake)
[0.628s] -- Found rosidl_generator_c: 3.1.7 (/opt/ros/humble/share/rosidl_generator_c/cmake)
[0.633s] -- Found rosidl_adapter: 3.1.7 (/opt/ros/humble/share/rosidl_adapter/cmake)
[0.642s] -- Found rosidl_generator_cpp: 3.1.7 (/opt/ros/humble/share/rosidl_generator_cpp/cmake)
[0.655s] -- Using all available rosidl_typesupport_c: rosidl_typesupport_fastrtps_c;rosidl_typesupport_introspection_c
[0.671s] -- Using all available rosidl_typesupport_cpp: rosidl_typesupport_fastrtps_cpp;rosidl_typesupport_introspection_cpp
[0.716s] -- Found rmw_implementation_cmake: 6.1.2 (/opt/ros/humble/share/rmw_implementation_cmake/cmake)
[0.719s] -- Found rmw_fastrtps_cpp: 6.2.8 (/opt/ros/humble/share/rmw_fastrtps_cpp/cmake)
[0.816s] -- Found OpenSSL: /usr/lib/x86_64-linux-gnu/libcrypto.so (found version "3.0.2")  
[0.841s] -- Found FastRTPS: /opt/ros/humble/include  
[0.881s] -- Using RMW implementation 'rmw_fastrtps_cpp' as default
[0.889s] -- Looking for pthread.h
[0.958s] -- Looking for pthread.h - found
[0.959s] -- Performing Test CMAKE_HAVE_LIBC_PTHREAD
[1.031s] -- Performing Test CMAKE_HAVE_LIBC_PTHREAD - Success
[1.032s] -- Found Threads: TRUE  
[1.082s] -- Found rclcpp_lifecycle: 16.0.14 (/opt/ros/humble/share/rclcpp_lifecycle/cmake)
[1.105s] -- Found ament_lint_auto: 0.12.14 (/opt/ros/humble/share/ament_lint_auto/cmake)
[1.177s] -- Added test 'cppcheck' to perform static code analysis on C / C++ code
[1.177s] -- Configured cppcheck include dirs: 
[1.177s] -- Configured cppcheck exclude dirs and/or files: 
[1.178s] -- Added test 'lint_cmake' to check CMake code style
[1.179s] -- Added test 'uncrustify' to check C / C++ code style
[1.179s] -- Configured uncrustify additional arguments: 
[1.180s] -- Added test 'xmllint' to check XML markup files
[1.181s] -- Configuring done
[1.196s] -- Generating done
[1.202s] -- Build files have been written to: /home/alen/Desktop/Challenge_WS/build/demo
[1.211s] Invoked command in '/home/alen/Desktop/Challenge_WS/build/demo' returned '0': CMAKE_PREFIX_PATH=/opt/ros/humble /usr/bin/cmake /home/alen/Desktop/Challenge_WS/src/demo -DCMAKE_INSTALL_PREFIX=/home/alen/Desktop/Challenge_WS/install/demo
[1.213s] Invoking command in '/home/alen/Desktop/Challenge_WS/build/demo': CMAKE_PREFIX_PATH=/opt/ros/humble /usr/bin/cmake --build /home/alen/Desktop/Challenge_WS/build/demo -- -j16 -l16
[1.262s] [ 50%] [32mBuilding CXX object CMakeFiles/lifecycle_subscriber.dir/src/lifecycle_subscriber.cpp.o[0m
[1.262s] [ 50%] [32mBuilding CXX object CMakeFiles/lifecycle_publisher.dir/src/lifecycle_publisher.cpp.o[0m
[1.262s] [ 50%] [32mBuilding CXX object CMakeFiles/lifecycle_manager.dir/src/lifecycle_manager.cpp.o[0m
[4.520s] [ 66%] [32m[1mLinking CXX executable lifecycle_manager[0m
[4.711s] [ 66%] Built target lifecycle_manager
[5.114s] [ 83%] [32m[1mLinking CXX executable lifecycle_publisher[0m
[5.326s] [ 83%] Built target lifecycle_publisher
[8.082s] [100%] [32m[1mLinking CXX executable lifecycle_subscriber[0m
[8.524s] [100%] Built target lifecycle_subscriber
[8.536s] Invoked command in '/home/alen/Desktop/Challenge_WS/build/demo' returned '0': CMAKE_PREFIX_PATH=/opt/ros/humble /usr/bin/cmake --build /home/alen/Desktop/Challenge_WS/build/demo -- -j16 -l16
[8.546s] Invoking command in '/home/alen/Desktop/Challenge_WS/build/demo': CMAKE_PREFIX_PATH=/opt/ros/humble /usr/bin/cmake --install /home/alen/Desktop/Challenge_WS/build/demo
[8.553s] -- Install configuration: ""
[8.553s] -- Installing: /home/alen/Desktop/Challenge_WS/install/demo/lib/demo/lifecycle_publisher
[8.554s] -- Set runtime path of "/home/alen/Desktop/Challenge_WS/install/demo/lib/demo/lifecycle_publisher" to ""
[8.554s] -- Installing: /home/alen/Desktop/Challenge_WS/install/demo/lib/demo/lifecycle_subscriber
[8.558s] -- Set runtime path of "/home/alen/Desktop/Challenge_WS/install/demo/lib/demo/lifecycle_subscriber" to ""
[8.558s] -- Installing: /home/alen/Desktop/Challenge_WS/install/demo/lib/demo/lifecycle_manager
[8.559s] -- Set runtime path of "/home/alen/Desktop/Challenge_WS/install/demo/lib/demo/lifecycle_manager" to ""
[8.559s] -- Installing: /home/alen/Desktop/Challenge_WS/install/demo/share/ament_index/resource_index/package_run_dependencies/demo
[8.560s] -- Installing: /home/alen/Desktop/Challenge_WS/install/demo/share/ament_index/resource_index/parent_prefix_path/demo
[8.560s] -- Installing: /home/alen/Desktop/Challenge_WS/install/demo/share/demo/environment/ament_prefix_path.sh
[8.560s] -- Installing: /home/alen/Desktop/Challenge_WS/install/demo/share/demo/environment/ament_prefix_path.dsv
[8.560s] -- Installing: /home/alen/Desktop/Challenge_WS/install/demo/share/demo/environment/path.sh
[8.560s] -- Installing: /home/alen/Desktop/Challenge_WS/install/demo/share/demo/environment/path.dsv
[8.560s] -- Installing: /home/alen/Desktop/Challenge_WS/install/demo/share/demo/local_setup.bash
[8.561s] -- Installing: /home/alen/Desktop/Challenge_WS/install/demo/share/demo/local_setup.sh
[8.561s] -- Installing: /home/alen/Desktop/Challenge_WS/install/demo/share/demo/local_setup.zsh
[8.561s] -- Installing: /home/alen/Desktop/Challenge_WS/install/demo/share/demo/local_setup.dsv
[8.562s] -- Installing: /home/alen/Desktop/Challenge_WS/install/demo/share/demo/package.dsv
[8.562s] -- Installing: /home/alen/Desktop/Challenge_WS/install/demo/share/ament_index/resource_index/packages/demo
[8.562s] -- Installing: /home/alen/Desktop/Challenge_WS/install/demo/share/demo/cmake/demoConfig.cmake
[8.562s] -- Installing: /home/alen/Desktop/Challenge_WS/install/demo/share/demo/cmake/demoConfig-version.cmake
[8.562s] -- Installing: /home/alen/Desktop/Challenge_WS/install/demo/share/demo/package.xml
[8.565s] Invoked command in '/home/alen/Desktop/Challenge_WS/build/demo' returned '0': CMAKE_PREFIX_PATH=/opt/ros/humble /usr/bin/cmake --install /home/alen/Desktop/Challenge_WS/build/demo
