[0.016s] Invoking command in '/home/alen/Desktop/Challenge_WS/build/demo': CMAKE_PREFIX_PATH=/opt/ros/humble /usr/bin/cmake --build /home/alen/Desktop/Challenge_WS/build/demo -- -j16 -l16
[0.061s] [35m[1mConsolidate compiler generated dependencies of target lifecycle_subscriber[0m
[0.074s] [ 50%] Built target lifecycle_publisher
[0.075s] [ 50%] [32mBuilding CXX object CMakeFiles/lifecycle_manager.dir/src/lifecycle_manager.cpp.o[0m
[0.084s] [ 83%] Built target lifecycle_subscriber
[2.099s] [01m[K/home/alen/Desktop/Challenge_WS/src/demo/src/lifecycle_manager.cpp:[m[K In member function ‘[01m[Kvoid LifecycleManager::transition(const string&, const string&)[m[K’:
[2.100s] [01m[K/home/alen/Desktop/Challenge_WS/src/demo/src/lifecycle_manager.cpp:105:10:[m[K [01;35m[Kwarning: [m[Kthis ‘[01m[Kif[m[K’ clause does not guard... [[01;35m[K]8;;https://gcc.gnu.org/onlinedocs/gcc/Warning-Options.html#index-Wmisleading-indentation-Wmisleading-indentation]8;;[m[K]
[2.100s]   105 |     else [01;35m[Kif[m[K (action == "shutdown")
[2.100s]       |          [01;35m[K^~[m[K
[2.100s] [01m[K/home/alen/Desktop/Challenge_WS/src/demo/src/lifecycle_manager.cpp:107:7:[m[K [01;36m[Knote: [m[K...this statement, but the latter is misleadingly indented as if it were guarded by the ‘[01m[Kif[m[K’
[2.100s]   107 |       [01;36m[Kcall_change_state[m[K(node, lifecycle_msgs::msg::Transition::TRANSITION_DESTROY);
[2.100s]       |       [01;36m[K^~~~~~~~~~~~~~~~~[m[K
[3.134s] [100%] [32m[1mLinking CXX executable lifecycle_manager[0m
[3.308s] [100%] Built target lifecycle_manager
[3.320s] Invoked command in '/home/alen/Desktop/Challenge_WS/build/demo' returned '0': CMAKE_PREFIX_PATH=/opt/ros/humble /usr/bin/cmake --build /home/alen/Desktop/Challenge_WS/build/demo -- -j16 -l16
[3.331s] Invoking command in '/home/alen/Desktop/Challenge_WS/build/demo': CMAKE_PREFIX_PATH=/opt/ros/humble /usr/bin/cmake --install /home/alen/Desktop/Challenge_WS/build/demo
[3.339s] -- Install configuration: ""
[3.340s] -- Up-to-date: /home/alen/Desktop/Challenge_WS/install/demo/lib/demo/lifecycle_publisher
[3.340s] -- Up-to-date: /home/alen/Desktop/Challenge_WS/install/demo/lib/demo/lifecycle_subscriber
[3.340s] -- Installing: /home/alen/Desktop/Challenge_WS/install/demo/lib/demo/lifecycle_manager
[3.342s] -- Set runtime path of "/home/alen/Desktop/Challenge_WS/install/demo/lib/demo/lifecycle_manager" to ""
[3.342s] -- Up-to-date: /home/alen/Desktop/Challenge_WS/install/demo/share/ament_index/resource_index/package_run_dependencies/demo
[3.342s] -- Up-to-date: /home/alen/Desktop/Challenge_WS/install/demo/share/ament_index/resource_index/parent_prefix_path/demo
[3.342s] -- Up-to-date: /home/alen/Desktop/Challenge_WS/install/demo/share/demo/environment/ament_prefix_path.sh
[3.342s] -- Up-to-date: /home/alen/Desktop/Challenge_WS/install/demo/share/demo/environment/ament_prefix_path.dsv
[3.342s] -- Up-to-date: /home/alen/Desktop/Challenge_WS/install/demo/share/demo/environment/path.sh
[3.342s] -- Up-to-date: /home/alen/Desktop/Challenge_WS/install/demo/share/demo/environment/path.dsv
[3.342s] -- Up-to-date: /home/alen/Desktop/Challenge_WS/install/demo/share/demo/local_setup.bash
[3.342s] -- Up-to-date: /home/alen/Desktop/Challenge_WS/install/demo/share/demo/local_setup.sh
[3.343s] -- Up-to-date: /home/alen/Desktop/Challenge_WS/install/demo/share/demo/local_setup.zsh
[3.343s] -- Up-to-date: /home/alen/Desktop/Challenge_WS/install/demo/share/demo/local_setup.dsv
[3.343s] -- Installing: /home/alen/Desktop/Challenge_WS/install/demo/share/demo/package.dsv
[3.343s] -- Up-to-date: /home/alen/Desktop/Challenge_WS/install/demo/share/ament_index/resource_index/packages/demo
[3.343s] -- Up-to-date: /home/alen/Desktop/Challenge_WS/install/demo/share/demo/cmake/demoConfig.cmake
[3.343s] -- Up-to-date: /home/alen/Desktop/Challenge_WS/install/demo/share/demo/cmake/demoConfig-version.cmake
[3.343s] -- Up-to-date: /home/alen/Desktop/Challenge_WS/install/demo/share/demo/package.xml
[3.345s] Invoked command in '/home/alen/Desktop/Challenge_WS/build/demo' returned '0': CMAKE_PREFIX_PATH=/opt/ros/humble /usr/bin/cmake --install /home/alen/Desktop/Challenge_WS/build/demo
