[0.016s] Invoking command in '/home/alen/Desktop/Challenge_WS/build/demo': CMAKE_PREFIX_PATH=/opt/ros/humble /usr/bin/cmake --build /home/alen/Desktop/Challenge_WS/build/demo -- -j16 -l16
[0.066s] [35m[1mConsolidate compiler generated dependencies of target lifecycle_manager[0m
[0.078s] [ 66%] Built target lifecycle_publisher
[0.079s] [ 66%] Built target lifecycle_subscriber
[0.092s] [ 83%] [32mBuilding CXX object CMakeFiles/lifecycle_manager.dir/src/lifecycle_manager.cpp.o[0m
[2.018s] [01m[K/home/alen/Desktop/Challenge_WS/src/demo/src/lifecycle_manager.cpp:90:6:[m[K [01;31m[Kerror: [m[Kextra qualification ‘[01m[KLifecycleManager::[m[K’ on member ‘[01m[Kshutdown_all[m[K’ [[01;31m[K]8;;https://gcc.gnu.org/onlinedocs/gcc/Warning-Options.html#index-fpermissive-fpermissive]8;;[m[K]
[2.018s]    90 | void [01;31m[KLifecycleManager[m[K::shutdown_all()
[2.018s]       |      [01;31m[K^~~~~~~~~~~~~~~~[m[K
[2.067s] [01m[K/home/alen/Desktop/Challenge_WS/src/demo/src/lifecycle_manager.cpp:[m[K In member function ‘[01m[Kvoid LifecycleManager::shutdown_all()[m[K’:
[2.067s] [01m[K/home/alen/Desktop/Challenge_WS/src/demo/src/lifecycle_manager.cpp:94:26:[m[K [01;31m[Kerror: [m[Kbase operand of ‘[01m[K->[m[K’ has non-pointer type ‘[01m[Kstd::__cxx11::basic_string<char>[m[K’
[2.067s]    94 |         auto state = node[01;31m[K->[m[Kget_current_state();
[2.068s]       |                          [01;31m[K^~[m[K
[2.068s] In file included from [01m[K/opt/ros/humble/include/rclcpp/rclcpp/logging.hpp:24[m[K,
[2.068s]                  from [01m[K/opt/ros/humble/include/rclcpp/rclcpp/client.hpp:40[m[K,
[2.068s]                  from [01m[K/opt/ros/humble/include/rclcpp/rclcpp/callback_group.hpp:24[m[K,
[2.068s]                  from [01m[K/opt/ros/humble/include/rclcpp/rclcpp/any_executable.hpp:20[m[K,
[2.068s]                  from [01m[K/opt/ros/humble/include/rclcpp/rclcpp/memory_strategy.hpp:25[m[K,
[2.068s]                  from [01m[K/opt/ros/humble/include/rclcpp/rclcpp/memory_strategies.hpp:18[m[K,
[2.068s]                  from [01m[K/opt/ros/humble/include/rclcpp/rclcpp/executor_options.hpp:20[m[K,
[2.068s]                  from [01m[K/opt/ros/humble/include/rclcpp/rclcpp/executor.hpp:37[m[K,
[2.068s]                  from [01m[K/opt/ros/humble/include/rclcpp/rclcpp/executors/multi_threaded_executor.hpp:25[m[K,
[2.068s]                  from [01m[K/opt/ros/humble/include/rclcpp/rclcpp/executors.hpp:21[m[K,
[2.068s]                  from [01m[K/opt/ros/humble/include/rclcpp/rclcpp/rclcpp.hpp:155[m[K,
[2.068s]                  from [01m[K/home/alen/Desktop/Challenge_WS/src/demo/src/lifecycle_manager.cpp:4[m[K:
[2.069s] [01m[K/home/alen/Desktop/Challenge_WS/src/demo/src/lifecycle_manager.cpp:99:25:[m[K [01;31m[Kerror: [m[Kbase operand of ‘[01m[K->[m[K’ has non-pointer type ‘[01m[Kstd::__cxx11::basic_string<char>[m[K’
[2.069s]    99 |                     node[01;31m[K->[m[Kget_name(), state_id);
[2.069s]       |                         [01;31m[K^~[m[K
[2.069s] [01m[K/home/alen/Desktop/Challenge_WS/src/demo/src/lifecycle_manager.cpp:107:74:[m[K [01;31m[Kerror: [m[K‘[01m[KTRANSITION_FINALIZE[m[K’ is not a member of ‘[01m[Klifecycle_msgs::msg::Transition[m[K’ {aka ‘[01m[Klifecycle_msgs::msg::Transition_<std::allocator<void> >[m[K’}
[2.069s]   107 |                 call_change_state(node, lifecycle_msgs::msg::Transition::[01;31m[KTRANSITION_FINALIZE[m[K);
[2.069s]       |                                                                          [01;31m[K^~~~~~~~~~~~~~~~~~~[m[K
[2.069s] [01m[K/home/alen/Desktop/Challenge_WS/src/demo/src/lifecycle_manager.cpp:113:74:[m[K [01;31m[Kerror: [m[K‘[01m[KTRANSITION_FINALIZE[m[K’ is not a member of ‘[01m[Klifecycle_msgs::msg::Transition[m[K’ {aka ‘[01m[Klifecycle_msgs::msg::Transition_<std::allocator<void> >[m[K’}
[2.069s]   113 |                 call_change_state(node, lifecycle_msgs::msg::Transition::[01;31m[KTRANSITION_FINALIZE[m[K);
[2.069s]       |                                                                          [01;31m[K^~~~~~~~~~~~~~~~~~~[m[K
[2.069s] [01m[K/home/alen/Desktop/Challenge_WS/src/demo/src/lifecycle_manager.cpp:118:74:[m[K [01;31m[Kerror: [m[K‘[01m[KTRANSITION_FINALIZE[m[K’ is not a member of ‘[01m[Klifecycle_msgs::msg::Transition[m[K’ {aka ‘[01m[Klifecycle_msgs::msg::Transition_<std::allocator<void> >[m[K’}
[2.069s]   118 |                 call_change_state(node, lifecycle_msgs::msg::Transition::[01;31m[KTRANSITION_FINALIZE[m[K);
[2.069s]       |                                                                          [01;31m[K^~~~~~~~~~~~~~~~~~~[m[K
[2.069s] In file included from [01m[K/opt/ros/humble/include/rclcpp/rclcpp/logging.hpp:24[m[K,
[2.069s]                  from [01m[K/opt/ros/humble/include/rclcpp/rclcpp/client.hpp:40[m[K,
[2.069s]                  from [01m[K/opt/ros/humble/include/rclcpp/rclcpp/callback_group.hpp:24[m[K,
[2.069s]                  from [01m[K/opt/ros/humble/include/rclcpp/rclcpp/any_executable.hpp:20[m[K,
[2.069s]                  from [01m[K/opt/ros/humble/include/rclcpp/rclcpp/memory_strategy.hpp:25[m[K,
[2.070s]                  from [01m[K/opt/ros/humble/include/rclcpp/rclcpp/memory_strategies.hpp:18[m[K,
[2.070s]                  from [01m[K/opt/ros/humble/include/rclcpp/rclcpp/executor_options.hpp:20[m[K,
[2.070s]                  from [01m[K/opt/ros/humble/include/rclcpp/rclcpp/executor.hpp:37[m[K,
[2.070s]                  from [01m[K/opt/ros/humble/include/rclcpp/rclcpp/executors/multi_threaded_executor.hpp:25[m[K,
[2.070s]                  from [01m[K/opt/ros/humble/include/rclcpp/rclcpp/executors.hpp:21[m[K,
[2.070s]                  from [01m[K/opt/ros/humble/include/rclcpp/rclcpp/rclcpp.hpp:155[m[K,
[2.070s]                  from [01m[K/home/alen/Desktop/Challenge_WS/src/demo/src/lifecycle_manager.cpp:4[m[K:
[2.070s] [01m[K/home/alen/Desktop/Challenge_WS/src/demo/src/lifecycle_manager.cpp:123:64:[m[K [01;31m[Kerror: [m[Kbase operand of ‘[01m[K->[m[K’ has non-pointer type ‘[01m[Kstd::__cxx11::basic_string<char>[m[K’
[2.070s]   123 |                             "Node '%s' already finalized", node[01;31m[K->[m[Kget_name());
[2.070s]       |                                                                [01;31m[K^~[m[K
[2.070s] [01m[K/home/alen/Desktop/Challenge_WS/src/demo/src/lifecycle_manager.cpp:129:33:[m[K [01;31m[Kerror: [m[Kbase operand of ‘[01m[K->[m[K’ has non-pointer type ‘[01m[Kstd::__cxx11::basic_string<char>[m[K’
[2.070s]   129 |                             node[01;31m[K->[m[Kget_name(), state_id);
[2.070s]       |                                 [01;31m[K^~[m[K
[2.578s] gmake[2]: *** [CMakeFiles/lifecycle_manager.dir/build.make:76: CMakeFiles/lifecycle_manager.dir/src/lifecycle_manager.cpp.o] Error 1
[2.579s] gmake[1]: *** [CMakeFiles/Makefile2:193: CMakeFiles/lifecycle_manager.dir/all] Error 2
[2.580s] gmake: *** [Makefile:146: all] Error 2
[2.583s] Invoked command in '/home/alen/Desktop/Challenge_WS/build/demo' returned '2': CMAKE_PREFIX_PATH=/opt/ros/humble /usr/bin/cmake --build /home/alen/Desktop/Challenge_WS/build/demo -- -j16 -l16
