[35m[1mConsolidate compiler generated dependencies of target lifecycle_manager[0m
[ 66%] Built target lifecycle_publisher
[ 66%] Built target lifecycle_subscriber
[ 83%] [32mBuilding CXX object CMakeFiles/lifecycle_manager.dir/src/lifecycle_manager.cpp.o[0m
[01m[K/home/alen/Desktop/Challenge_WS/src/demo/src/lifecycle_manager.cpp:[m[K In member function ‘[01m[Kvoid LifecycleManager::shutdown_all()[m[K’:
[01m[K/home/alen/Desktop/Challenge_WS/src/demo/src/lifecycle_manager.cpp:115:11:[m[K [01;35m[Kwarning: [m[Kunused variable ‘[01m[Kstate[m[K’ [[01;35m[K]8;;https://gcc.gnu.org/onlinedocs/gcc/Warning-Options.html#index-Wunused-variable-Wunused-variable]8;;[m[K]
  115 |       int [01;35m[Kstate[m[K = get_current_state(node);
      |           [01;35m[K^~~~~[m[K
[100%] [32m[1mLinking CXX executable lifecycle_manager[0m
[100%] Built target lifecycle_manager
-- Install configuration: ""
-- Up-to-date: /home/alen/Desktop/Challenge_WS/install/demo/lib/demo/lifecycle_publisher
-- Up-to-date: /home/alen/Desktop/Challenge_WS/install/demo/lib/demo/lifecycle_subscriber
-- Installing: /home/alen/Desktop/Challenge_WS/install/demo/lib/demo/lifecycle_manager
-- Set runtime path of "/home/alen/Desktop/Challenge_WS/install/demo/lib/demo/lifecycle_manager" to ""
-- Up-to-date: /home/alen/Desktop/Challenge_WS/install/demo/share/ament_index/resource_index/package_run_dependencies/demo
-- Up-to-date: /home/alen/Desktop/Challenge_WS/install/demo/share/ament_index/resource_index/parent_prefix_path/demo
-- Up-to-date: /home/alen/Desktop/Challenge_WS/install/demo/share/demo/environment/ament_prefix_path.sh
-- Up-to-date: /home/alen/Desktop/Challenge_WS/install/demo/share/demo/environment/ament_prefix_path.dsv
-- Up-to-date: /home/alen/Desktop/Challenge_WS/install/demo/share/demo/environment/path.sh
-- Up-to-date: /home/alen/Desktop/Challenge_WS/install/demo/share/demo/environment/path.dsv
-- Up-to-date: /home/alen/Desktop/Challenge_WS/install/demo/share/demo/local_setup.bash
-- Up-to-date: /home/alen/Desktop/Challenge_WS/install/demo/share/demo/local_setup.sh
-- Up-to-date: /home/alen/Desktop/Challenge_WS/install/demo/share/demo/local_setup.zsh
-- Up-to-date: /home/alen/Desktop/Challenge_WS/install/demo/share/demo/local_setup.dsv
-- Installing: /home/alen/Desktop/Challenge_WS/install/demo/share/demo/package.dsv
-- Up-to-date: /home/alen/Desktop/Challenge_WS/install/demo/share/ament_index/resource_index/packages/demo
-- Up-to-date: /home/alen/Desktop/Challenge_WS/install/demo/share/demo/cmake/demoConfig.cmake
-- Up-to-date: /home/alen/Desktop/Challenge_WS/install/demo/share/demo/cmake/demoConfig-version.cmake
-- Up-to-date: /home/alen/Desktop/Challenge_WS/install/demo/share/demo/package.xml
